#
# A fatal error has been detected by the Java Runtime Environment:
#
#  SIGSEGV (0xb) at pc=0x00007f9ab0ce186c, pid=98408, tid=98432
#
# JRE version: OpenJDK Runtime Environment (15.0.1+9) (build 15.0.1+9-18)
# Java VM: OpenJDK 64-Bit Server VM (15.0.1+9-18, mixed mode, tiered, compressed oops, g1 gc, linux-amd64)
# Problematic frame:
# V  [libjvm.so+0x5fa86c]
#
# Core dump will be written. Default location: Core dumps may be processed with "/usr/lib/systemd/systemd-coredump %P %u %g %s %t %c %h" (or dumping to /home/nikola/XWS-2021-TIM4/backend/post-service/core.98408)
#
# If you would like to submit a bug report, please visit:
#   https://bugreport.java.com/bugreport/crash.jsp
#

---------------  S U M M A R Y ------------

Command Line: -Dfile.encoding=UTF-8 -XX:+ShowCodeDetailsInExceptionMessages nistagram.postservice.PostServiceApplication

Host: AMD Ryzen 5 1600 Six-Core Processor, 12 cores, 15G, Arch Linux
Time: Wed Jun 23 00:58:13 2021 CEST elapsed time: 2.451542 seconds (0d 0h 0m 2s)

---------------  T H R E A D  ---------------

Current thread (0x00007f9a5c1bc490):  JavaThread "C2 CompilerThread2" daemon [_thread_in_native, id=98432, stack(0x00007f9a76e0a000,0x00007f9a76f0b000)]


Current CompileTask:
C2:   2451 4096       4       java.security.SecureClassLoader::defineClass (16 bytes)

Stack: [0x00007f9a76e0a000,0x00007f9a76f0b000],  sp=0x00007f9a76f068f0,  free space=1010k
Native frames: (J=compiled Java code, A=aot compiled Java code, j=interpreted, Vv=VM code, C=native code)
V  [libjvm.so+0x5fa86c]
V  [libjvm.so+0x601e7e]
V  [libjvm.so+0x602128]
V  [libjvm.so+0x52be35]
V  [libjvm.so+0x52d902]
V  [libjvm.so+0x47a11c]
V  [libjvm.so+0x535e18]
V  [libjvm.so+0x536868]
V  [libjvm.so+0xcf23de]
V  [libjvm.so+0xcf724d]
V  [libjvm.so+0xb4a397]


siginfo: si_signo: 11 (SIGSEGV), si_code: 128 (SI_KERNEL), si_addr: 0x0000000000000000

Register to memory mapping:

RAX=0x00007f9a44b19770 points into unknown readable memory: 0x00007f9a5838be20 | 20 be 38 58 9a 7f 00 00
RBX=0x0 is NULL
RCX=0x0000000000000045 is an unknown value
RDX=0x00007f9a44b19788 points into unknown readable memory: 0x0000000000000000 | 00 00 00 00 00 00 00 00
RSP=0x00007f9a76f068f0 is pointing into the stack for thread: 0x00007f9a5c1bc490
RBP=0x00007f9a76f069c0 is pointing into the stack for thread: 0x00007f9a5c1bc490
RSI=0x0000000000000009 is an unknown value
RDI=0x00007f9a5c397e50 points into unknown readable memory: 0x0000000ab7822500 | 00 25 82 b7 0a 00 00 00
R8 =0x0000000000000025 is an unknown value
R9 =0x0 is NULL
R10=0x00007ffc47dce080 points into unknown readable memory: 0x0000000103ccd0e6 | e6 d0 cc 03 01 00 00 00
R11=0x00007ffc47dce090 points into unknown readable memory: 0xffffffffffffffff | ff ff ff ff ff ff ff ff
R12=0x00007f9a4483c2a0 points into unknown readable memory: 0x00007f9a44141e80 | 80 1e 14 44 9a 7f 00 00
R13=0x00007f9a403e9d80 points into unknown readable memory: 0x2000000000000000 | 00 00 00 00 00 00 00 20
R14=0x00007f9a403e9d80 points into unknown readable memory: 0x2000000000000000 | 00 00 00 00 00 00 00 20
R15=0x00007f9a5838be20 points into unknown readable memory: 0x00007f9a201896c0 | c0 96 18 20 9a 7f 00 00


Registers:
RAX=0x00007f9a44b19770, RBX=0x0000000000000000, RCX=0x0000000000000045, RDX=0x00007f9a44b19788
RSP=0x00007f9a76f068f0, RBP=0x00007f9a76f069c0, RSI=0x0000000000000009, RDI=0x00007f9a5c397e50
R8 =0x0000000000000025, R9 =0x0000000000000000, R10=0x00007ffc47dce080, R11=0x00007ffc47dce090
R12=0x00007f9a4483c2a0, R13=0x00007f9a403e9d80, R14=0x00007f9a403e9d80, R15=0x00007f9a5838be20
RIP=0x00007f9ab0ce186c, EFLAGS=0x0000000000010246, CSGSFS=0x002b000000000033, ERR=0x0000000000000000
  TRAPNO=0x000000000000000d

Top of Stack: (sp=0x00007f9a76f068f0)
0x00007f9a76f068f0:   00007f9a76f06ad0 00007f9a76f06b10
0x00007f9a76f06900:   00007f9a76f06b30 00000024403e9d80
0x00007f9a76f06910:   3f29a4859fab704b 00007f9a76f06970
0x00007f9a76f06920:   00007f9a76f06af0 0000000000000023 

Instructions: (pc=0x00007f9ab0ce186c)
0x00007f9ab0ce176c:   0f 84 8e 01 00 00 49 83 c4 08 4c 39 65 a8 74 44
0x00007f9ab0ce177c:   48 8b 4b 40 4e 8b 34 21 31 c9 4c 89 f6 41 f6 c6
0x00007f9ab0ce178c:   01 74 08 41 8b 4d 68 48 83 e6 fe 03 4e 5c 41 89
0x00007f9ab0ce179c:   cf 41 c1 ef 05 45 3b 7d 48 72 a9 48 8b 7d 80 44
0x00007f9ab0ce17ac:   89 fe 89 4d 98 e8 0a e6 73 00 8b 4d 98 eb 95 0f
0x00007f9ab0ce17bc:   1f 44 00 00 49 89 de 48 8b 5d a0 41 0f b6 56 48
0x00007f9ab0ce17cc:   80 fa 03 0f 84 5b 01 00 00 48 83 c3 08 48 39 9d
0x00007f9ab0ce17dc:   78 ff ff ff 0f 85 22 ff ff ff 4c 8b 7d 88 4d 89
0x00007f9ab0ce17ec:   ee 41 8b 4e 28 45 31 c9 45 31 c0 44 89 cb 85 c9
0x00007f9ab0ce17fc:   7e 7d 66 90 49 8b 46 40 4e 8b 24 c0 41 f6 c4 01
0x00007f9ab0ce180c:   0f 85 3e 01 00 00 41 80 7c 24 48 04 0f 85 9a 00
0x00007f9ab0ce181c:   00 00 4d 3b 7e 70 74 48 4d 3b be e0 00 00 00 0f
0x00007f9ab0ce182c:   84 ef 01 00 00 49 63 74 24 08 85 f6 0f 8e 0a 02
0x00007f9ab0ce183c:   00 00 49 8b 44 24 20 8d 56 ff 48 8d 54 d0 08 eb
0x00007f9ab0ce184c:   10 0f 1f 00 48 83 c0 08 48 39 c2 0f 84 eb 01 00
0x00007f9ab0ce185c:   00 4c 3b 38 75 ee 66 0f 1f 44 00 00 41 8b 4e 28
0x00007f9ab0ce186c:   49 83 c0 01 44 39 c1 7f 8b 01 9d 74 ff ff ff 41
0x00007f9ab0ce187c:   c7 46 28 00 00 00 00 41 c7 46 48 00 00 00 00 f6
0x00007f9ab0ce188c:   45 90 03 0f 84 cb 02 00 00 48 8b 45 90 48 8d 50
0x00007f9ab0ce189c:   01 48 39 85 68 ff ff ff 0f 84 86 06 00 00 48 89
0x00007f9ab0ce18ac:   55 90 e9 15 fe ff ff 0f 1f 44 00 00 4d 3b be e0
0x00007f9ab0ce18bc:   00 00 00 0f 84 db 00 00 00 49 63 74 24 08 85 f6
0x00007f9ab0ce18cc:   0f 8e f6 00 00 00 49 8b 44 24 20 8d 56 ff 48 8d
0x00007f9ab0ce18dc:   54 d0 08 eb 14 0f 1f 80 00 00 00 00 48 83 c0 08
0x00007f9ab0ce18ec:   48 39 c2 0f 84 d3 00 00 00 4c 3b 38 75 ee e9 69
0x00007f9ab0ce18fc:   ff ff ff 90 49 63 75 28 41 3b 75 2c 74 16 8d 4e
0x00007f9ab0ce190c:   01 41 89 4d 28 49 8b 4d 40 4c 89 34 f1 e9 54 fe
0x00007f9ab0ce191c:   ff ff 66 90 49 8d 7d 28 e8 07 7a 00 00 49 63 75
0x00007f9ab0ce192c:   28 eb db 90 41 80 be 84 00 00 00 00 0f 84 97 fe
0x00007f9ab0ce193c:   ff ff 4c 89 f6 4c 89 ef e8 87 de ff ff e9 87 fe
0x00007f9ab0ce194c:   ff ff 66 90 49 83 e4 fe 4d 3b be e0 00 00 00 0f
0x00007f9ab0ce195c:   84 3f 01 00 00 49 63 74 24 60 85 f6 0f 8e 5a 01 


Stack slot to memory mapping:
stack at sp + 0 slots: 0x00007f9a76f06ad0 is pointing into the stack for thread: 0x00007f9a5c1bc490
stack at sp + 1 slots: 0x00007f9a76f06b10 is pointing into the stack for thread: 0x00007f9a5c1bc490
stack at sp + 2 slots: 0x00007f9a76f06b30 is pointing into the stack for thread: 0x00007f9a5c1bc490
stack at sp + 3 slots: 0x00000024403e9d80 is an unknown value
stack at sp + 4 slots: 0x3f29a4859fab704b is an unknown value
stack at sp + 5 slots: 0x00007f9a76f06970 is pointing into the stack for thread: 0x00007f9a5c1bc490
stack at sp + 6 slots: 0x00007f9a76f06af0 is pointing into the stack for thread: 0x00007f9a5c1bc490
stack at sp + 7 slots: 0x0000000000000023 is an unknown value


---------------  P R O C E S S  ---------------

Threads class SMR info:
_java_thread_list=0x00007f99f8002280, length=19, elements={
0x00007f9aac029dc0, 0x00007f9aac1e8000, 0x00007f9aac1e9c20, 0x00007f9aac200750,
0x00007f9aac201e60, 0x00007f9aac203790, 0x00007f9aac204fc0, 0x00007f9aac206670,
0x00007f9aac2bb8d0, 0x00007f9aac2c9170, 0x00007f9a5c1b7620, 0x00007f9a5c1bc490,
0x00007f9aac8ce450, 0x00007f9a2c002800, 0x00007f9a20c20330, 0x00007f9a2420ebb0,
0x00007f9a20c112b0, 0x00007f9a20ef6d60, 0x00007f99f8000ff0
}

Java Threads: ( => current thread )
  0x00007f9aac029dc0 JavaThread "main" [_thread_blocked, id=98414, stack(0x00007f9ab04a2000,0x00007f9ab05a3000)]
  0x00007f9aac1e8000 JavaThread "Reference Handler" daemon [_thread_blocked, id=98421, stack(0x00007f9a77dfd000,0x00007f9a77efe000)]
  0x00007f9aac1e9c20 JavaThread "Finalizer" daemon [_thread_blocked, id=98422, stack(0x00007f9a77cfc000,0x00007f9a77dfd000)]
  0x00007f9aac200750 JavaThread "Signal Dispatcher" daemon [_thread_blocked, id=98423, stack(0x00007f9a77914000,0x00007f9a77a15000)]
  0x00007f9aac201e60 JavaThread "Service Thread" daemon [_thread_blocked, id=98424, stack(0x00007f9a77813000,0x00007f9a77914000)]
  0x00007f9aac203790 JavaThread "C2 CompilerThread0" daemon [_thread_in_native, id=98425, stack(0x00007f9a77712000,0x00007f9a77813000)]
  0x00007f9aac204fc0 JavaThread "C1 CompilerThread0" daemon [_thread_blocked, id=98426, stack(0x00007f9a77611000,0x00007f9a77712000)]
  0x00007f9aac206670 JavaThread "Sweeper thread" daemon [_thread_blocked, id=98427, stack(0x00007f9a77510000,0x00007f9a77611000)]
  0x00007f9aac2bb8d0 JavaThread "Notification Thread" daemon [_thread_blocked, id=98428, stack(0x00007f9a7740f000,0x00007f9a77510000)]
  0x00007f9aac2c9170 JavaThread "Common-Cleaner" daemon [_thread_blocked, id=98430, stack(0x00007f9a7720c000,0x00007f9a7730d000)]
  0x00007f9a5c1b7620 JavaThread "C2 CompilerThread1" daemon [_thread_blocked, id=98431, stack(0x00007f9a76f0b000,0x00007f9a7700c000)]
=>0x00007f9a5c1bc490 JavaThread "C2 CompilerThread2" daemon [_thread_in_native, id=98432, stack(0x00007f9a76e0a000,0x00007f9a76f0b000)]
  0x00007f9aac8ce450 JavaThread "Thread-0" [_thread_blocked, id=98438, stack(0x00007f9a765fd000,0x00007f9a766fe000)]
  0x00007f9a2c002800 JavaThread "restartedMain" [_thread_in_vm, id=98439, stack(0x00007f9a764fc000,0x00007f9a765fd000)]
  0x00007f9a20c20330 JavaThread "Catalina-utility-1" [_thread_blocked, id=98446, stack(0x00007f9a75ffb000,0x00007f9a760fc000)]
  0x00007f9a2420ebb0 JavaThread "Catalina-utility-2" [_thread_blocked, id=98447, stack(0x00007f9a74aef000,0x00007f9a74bf0000)]
  0x00007f9a20c112b0 JavaThread "container-0" [_thread_blocked, id=98448, stack(0x00007f9a749ee000,0x00007f9a74aef000)]
  0x00007f9a20ef6d60 JavaThread "HikariPool-1 housekeeper" daemon [_thread_blocked, id=98452, stack(0x00007f9a740e7000,0x00007f9a741e8000)]
  0x00007f99f8000ff0 JavaThread "HikariPool-1 connection adder" daemon [_thread_blocked, id=98453, stack(0x00007f99ffaff000,0x00007f99ffc00000)]

Other Threads:
  0x00007f9aac1cde50 VMThread "VM Thread" [stack: 0x00007f9a77f00000,0x00007f9a78000000] [id=98420]
  0x00007f9aac1f0c10 WatcherThread [stack: 0x00007f9a7730f000,0x00007f9a7740f000] [id=98429]
  0x00007f9aac07b370 GCTaskThread "GC Thread#0" [stack: 0x00007f9a8f7dc000,0x00007f9a8f8dc000] [id=98415]
  0x00007f9a70001090 GCTaskThread "GC Thread#1" [stack: 0x00007f9a76b08000,0x00007f9a76c08000] [id=98433]
  0x00007f9a70001dc0 GCTaskThread "GC Thread#2" [stack: 0x00007f9a76a06000,0x00007f9a76b06000] [id=98434]
  0x00007f9a70002b50 GCTaskThread "GC Thread#3" [stack: 0x00007f9a76904000,0x00007f9a76a04000] [id=98435]
  0x00007f9a700038e0 GCTaskThread "GC Thread#4" [stack: 0x00007f9a76802000,0x00007f9a76902000] [id=98436]
  0x00007f9a70004670 GCTaskThread "GC Thread#5" [stack: 0x00007f9a76700000,0x00007f9a76800000] [id=98437]
  0x00007f9a70008780 GCTaskThread "GC Thread#6" [stack: 0x00007f9a75af8000,0x00007f9a75bf8000] [id=98441]
  0x00007f9a70009080 GCTaskThread "GC Thread#7" [stack: 0x00007f9a759f6000,0x00007f9a75af6000] [id=98442]
  0x00007f9a70007fb0 GCTaskThread "GC Thread#8" [stack: 0x00007f9a748ee000,0x00007f9a749ee000] [id=98449]
  0x00007f9a7000b230 GCTaskThread "GC Thread#9" [stack: 0x00007f9a747ec000,0x00007f9a748ec000] [id=98450]
  0x00007f9aac08c750 ConcurrentGCThread "G1 Main Marker" [stack: 0x00007f9a8f6da000,0x00007f9a8f7da000] [id=98416]
  0x00007f9aac08d9e0 ConcurrentGCThread "G1 Conc#0" [stack: 0x00007f9a8f5d8000,0x00007f9a8f6d8000] [id=98417]
  0x00007f9a80000e90 ConcurrentGCThread "G1 Conc#1" [stack: 0x00007f9a758f4000,0x00007f9a759f4000] [id=98443]
  0x00007f9a80001bc0 ConcurrentGCThread "G1 Conc#2" [stack: 0x00007f9a757f2000,0x00007f9a758f2000] [id=98444]
  0x00007f9aac14d4e0 ConcurrentGCThread "G1 Refine#0" [stack: 0x00007f9a8cacc000,0x00007f9a8cbcc000] [id=98418]
  0x00007f9aac14e6f0 ConcurrentGCThread "G1 Young RemSet Sampling" [stack: 0x00007f9a8c9ca000,0x00007f9a8caca000] [id=98419]

Threads with active compile tasks:
C2 CompilerThread0     2454 4097   !   4       jdk.internal.loader.Resource::getBytes (244 bytes)
C1 CompilerThread0     2454 4102       3       java.util.AbstractList$Itr::hasNext (20 bytes)
C2 CompilerThread2     2454 4096       4       java.security.SecureClassLoader::defineClass (16 bytes)

VM state: not at safepoint (normal execution)

VM Mutex/Monitor currently owned by a thread: None

Heap address: 0x0000000705a00000, size: 4006 MB, Compressed Oops mode: Zero based, Oop shift amount: 3
CDS disabled.
Compressed class space mapped at: 0x0000000800000000-0x0000000840000000, size: 1073741824
Narrow klass base: 0x0000000800000000, Narrow klass shift: 0, Narrow klass range: 0x40000000

GC Precious Log:
 CPUs: 12 total, 12 available
 Memory: 16020M
 Large Page Support: Disabled
 NUMA Support: Disabled
 Compressed Oops: Enabled (Zero based)
 Heap Region Size: 2M
 Heap Min Capacity: 8M
 Heap Initial Capacity: 252M
 Heap Max Capacity: 4006M
 Pre-touch: Disabled
 Parallel Workers: 10
 Concurrent Workers: 3
 Concurrent Refinement Workers: 10
 Periodic GC: Disabled

Heap:
 garbage-first heap   total 96256K, used 62629K [0x0000000705a00000, 0x0000000800000000)
  region size 2048K, 25 young (51200K), 1 survivors (2048K)
 Metaspace       used 50530K, capacity 50999K, committed 51456K, reserved 1093632K
  class space    used 6123K, capacity 6301K, committed 6400K, reserved 1048576K

Heap Regions: E=young(eden), S=young(survivor), O=old, HS=humongous(starts), HC=humongous(continues), CS=collection set, F=free, OA=open archive, CA=closed archive, TAMS=top-at-mark-start (previous, next)
|   0|0x0000000705a00000, 0x0000000705c00000, 0x0000000705c00000|100%| O|  |TAMS 0x0000000705c00000, 0x0000000705a00000| Untracked 
|   1|0x0000000705c00000, 0x0000000705e00000, 0x0000000705e00000|100%| O|  |TAMS 0x0000000705e00000, 0x0000000705c00000| Untracked 
|   2|0x0000000705e00000, 0x0000000706000000, 0x0000000706000000|100%| O|  |TAMS 0x0000000706000000, 0x0000000705e00000| Untracked 
|   3|0x0000000706000000, 0x0000000706000000, 0x0000000706200000|  0%| F|  |TAMS 0x0000000706000000, 0x0000000706000000| Untracked 
|   4|0x0000000706200000, 0x0000000706400000, 0x0000000706400000|100%| O|  |TAMS 0x0000000706400000, 0x0000000706200000| Untracked 
|   5|0x0000000706400000, 0x0000000706400000, 0x0000000706600000|  0%| F|  |TAMS 0x0000000706400000, 0x0000000706400000| Untracked 
|   6|0x0000000706600000, 0x0000000706800000, 0x0000000706800000|100%| O|  |TAMS 0x0000000706600000, 0x0000000706600000| Untracked 
|   7|0x0000000706800000, 0x0000000706800000, 0x0000000706a00000|  0%| F|  |TAMS 0x0000000706800000, 0x0000000706800000| Untracked 
|   8|0x0000000706a00000, 0x0000000706a3e600, 0x0000000706c00000| 12%| O|  |TAMS 0x0000000706a00000, 0x0000000706a00000| Untracked 
|   9|0x0000000706c00000, 0x0000000706c00000, 0x0000000706e00000|  0%| F|  |TAMS 0x0000000706c00000, 0x0000000706c00000| Untracked 
|  10|0x0000000706e00000, 0x0000000706e00000, 0x0000000707000000|  0%| F|  |TAMS 0x0000000706e00000, 0x0000000706e00000| Untracked 
|  11|0x0000000707000000, 0x0000000707000000, 0x0000000707200000|  0%| F|  |TAMS 0x0000000707000000, 0x0000000707000000| Untracked 
|  12|0x0000000707200000, 0x0000000707200000, 0x0000000707400000|  0%| F|  |TAMS 0x0000000707200000, 0x0000000707200000| Untracked 
|  13|0x0000000707400000, 0x0000000707400000, 0x0000000707600000|  0%| F|  |TAMS 0x0000000707400000, 0x0000000707400000| Untracked 
|  14|0x0000000707600000, 0x0000000707600000, 0x0000000707800000|  0%| F|  |TAMS 0x0000000707600000, 0x0000000707600000| Untracked 
|  15|0x0000000707800000, 0x0000000707800000, 0x0000000707a00000|  0%| F|  |TAMS 0x0000000707800000, 0x0000000707800000| Untracked 
|  16|0x0000000707a00000, 0x0000000707a00000, 0x0000000707c00000|  0%| F|  |TAMS 0x0000000707a00000, 0x0000000707a00000| Untracked 
|  17|0x0000000707c00000, 0x0000000707c00000, 0x0000000707e00000|  0%| F|  |TAMS 0x0000000707c00000, 0x0000000707c00000| Untracked 
|  18|0x0000000707e00000, 0x0000000707e00000, 0x0000000708000000|  0%| F|  |TAMS 0x0000000707e00000, 0x0000000707e00000| Untracked 
|  19|0x0000000708000000, 0x0000000708000000, 0x0000000708200000|  0%| F|  |TAMS 0x0000000708000000, 0x0000000708000000| Untracked 
|  20|0x0000000708200000, 0x0000000708400000, 0x0000000708400000|100%| E|  |TAMS 0x0000000708200000, 0x0000000708200000| Complete 
|  21|0x0000000708400000, 0x0000000708600000, 0x0000000708600000|100%| E|CS|TAMS 0x0000000708400000, 0x0000000708400000| Complete 
|  22|0x0000000708600000, 0x0000000708800000, 0x0000000708800000|100%| E|CS|TAMS 0x0000000708600000, 0x0000000708600000| Complete 
|  23|0x0000000708800000, 0x0000000708a00000, 0x0000000708a00000|100%| E|CS|TAMS 0x0000000708800000, 0x0000000708800000| Complete 
|  24|0x0000000708a00000, 0x0000000708c00000, 0x0000000708c00000|100%| E|CS|TAMS 0x0000000708a00000, 0x0000000708a00000| Complete 
|  25|0x0000000708c00000, 0x0000000708e00000, 0x0000000708e00000|100%| E|CS|TAMS 0x0000000708c00000, 0x0000000708c00000| Complete 
|  26|0x0000000708e00000, 0x0000000709000000, 0x0000000709000000|100%| E|CS|TAMS 0x0000000708e00000, 0x0000000708e00000| Complete 
|  27|0x0000000709000000, 0x0000000709200000, 0x0000000709200000|100%| E|CS|TAMS 0x0000000709000000, 0x0000000709000000| Complete 
|  28|0x0000000709200000, 0x0000000709400000, 0x0000000709400000|100%| E|CS|TAMS 0x0000000709200000, 0x0000000709200000| Complete 
|  29|0x0000000709400000, 0x0000000709600000, 0x0000000709600000|100%| E|CS|TAMS 0x0000000709400000, 0x0000000709400000| Complete 
|  30|0x0000000709600000, 0x0000000709800000, 0x0000000709800000|100%| E|CS|TAMS 0x0000000709600000, 0x0000000709600000| Complete 
|  31|0x0000000709800000, 0x0000000709a00000, 0x0000000709a00000|100%| E|CS|TAMS 0x0000000709800000, 0x0000000709800000| Complete 
|  32|0x0000000709a00000, 0x0000000709c00000, 0x0000000709c00000|100%| E|CS|TAMS 0x0000000709a00000, 0x0000000709a00000| Complete 
|  33|0x0000000709c00000, 0x0000000709e00000, 0x0000000709e00000|100%| E|CS|TAMS 0x0000000709c00000, 0x0000000709c00000| Complete 
|  34|0x0000000709e00000, 0x000000070a000000, 0x000000070a000000|100%| E|CS|TAMS 0x0000000709e00000, 0x0000000709e00000| Complete 
|  35|0x000000070a000000, 0x000000070a200000, 0x000000070a200000|100%| E|CS|TAMS 0x000000070a000000, 0x000000070a000000| Complete 
|  36|0x000000070a200000, 0x000000070a400000, 0x000000070a400000|100%| E|CS|TAMS 0x000000070a200000, 0x000000070a200000| Complete 
|  37|0x000000070a400000, 0x000000070a600000, 0x000000070a600000|100%| E|CS|TAMS 0x000000070a400000, 0x000000070a400000| Complete 
|  38|0x000000070a600000, 0x000000070a800000, 0x000000070a800000|100%| E|CS|TAMS 0x000000070a600000, 0x000000070a600000| Complete 
|  39|0x000000070a800000, 0x000000070aa00000, 0x000000070aa00000|100%| E|CS|TAMS 0x000000070a800000, 0x000000070a800000| Complete 
|  73|0x000000070ec00000, 0x000000070ee00000, 0x000000070ee00000|100%| E|CS|TAMS 0x000000070ec00000, 0x000000070ec00000| Complete 
| 101|0x0000000712400000, 0x0000000712600000, 0x0000000712600000|100%| E|CS|TAMS 0x0000000712400000, 0x0000000712400000| Complete 
| 102|0x0000000712600000, 0x0000000712800000, 0x0000000712800000|100%| E|CS|TAMS 0x0000000712600000, 0x0000000712600000| Complete 
| 124|0x0000000715200000, 0x00000007152eae40, 0x0000000715400000| 45%| S|CS|TAMS 0x0000000715200000, 0x0000000715200000| Complete 
| 125|0x0000000715400000, 0x0000000715600000, 0x0000000715600000|100%| E|CS|TAMS 0x0000000715400000, 0x0000000715400000| Complete 
|2001|0x00000007ffc00000, 0x00000007ffe00000, 0x00000007ffe00000|100%| O|  |TAMS 0x00000007ffc00000, 0x00000007ffc00000| Untracked 
|2002|0x00000007ffe00000, 0x0000000800000000, 0x0000000800000000|100%| O|  |TAMS 0x00000007ffe00000, 0x00000007ffe00000| Untracked 

Card table byte_map: [0x00007f9a97e61000,0x00007f9a98634000] _byte_map_base: 0x00007f9a94634000

Marking Bits (Prev, Next): (CMBitMap*) 0x00007f9aac07c110, (CMBitMap*) 0x00007f9aac07c150
 Prev Bits: [0x00007f9a937f6000, 0x00007f9a9768e000)
 Next Bits: [0x00007f9a8f95e000, 0x00007f9a937f6000)

Polling page: 0x00007f9ab1aac000

Metaspace:

Usage:
  Non-class:     43.65 MB capacity,    43.38 MB (>99%) used,   219.70 KB ( <1%) free+waste,    61.00 KB ( <1%) overhead. 
      Class:      6.15 MB capacity,     5.98 MB ( 97%) used,   153.91 KB (  2%) free+waste,    22.06 KB ( <1%) overhead. 
       Both:     49.80 MB capacity,    49.36 MB (>99%) used,   373.61 KB ( <1%) free+waste,    83.06 KB ( <1%) overhead. 

Virtual space:
  Non-class space:       44.00 MB reserved,      44.00 MB (100%) committed 
      Class space:        1.00 GB reserved,       6.25 MB ( <1%) committed 
             Both:        1.04 GB reserved,      50.25 MB (  5%) committed 

Chunk freelists:
   Non-Class:  182.00 KB
       Class:  3.00 KB
        Both:  185.00 KB

MaxMetaspaceSize: 17179869184.00 GB
CompressedClassSpaceSize: 1.00 GB

CodeHeap 'non-profiled nmethods': size=120028Kb used=2323Kb max_used=2323Kb free=117704Kb
 bounds [0x00007f9aa10d8000, 0x00007f9aa1348000, 0x00007f9aa860f000]
CodeHeap 'profiled nmethods': size=120028Kb used=8604Kb max_used=8604Kb free=111423Kb
 bounds [0x00007f9a99ba1000, 0x00007f9a9a411000, 0x00007f9aa10d8000]
CodeHeap 'non-nmethods': size=5704Kb used=1256Kb max_used=1297Kb free=4448Kb
 bounds [0x00007f9a9960f000, 0x00007f9a9987f000, 0x00007f9a99ba1000]
 total_blobs=4624 nmethods=4095 adapters=442
 compilation: enabled
              stopped_count=0, restarted_count=0
 full_count=0

Compilation events (20 events):
Event: 2.396 Thread 0x00007f9aac204fc0 4090       1       org.hibernate.engine.jdbc.env.internal.JdbcEnvironmentImpl::getDialect (5 bytes)
Event: 2.396 Thread 0x00007f9aac204fc0 nmethod 4090 0x00007f9aa130c290 code [0x00007f9aa130c420, 0x00007f9aa130c4d0]
Event: 2.396 Thread 0x00007f9aac204fc0 4091       3       org.hibernate.internal.util.collections.JoinedIterator::updateCurrentIterator (101 bytes)
Event: 2.397 Thread 0x00007f9aac204fc0 nmethod 4091 0x00007f9a9a406a10 code [0x00007f9a9a406c00, 0x00007f9a9a407280]
Event: 2.398 Thread 0x00007f9a5c1bc490 4092  s!   4       java.util.jar.JarFile::ensureInitialization (74 bytes)
Event: 2.398 Thread 0x00007f9a5c1b7620 4093       4       jdk.internal.loader.URLClassPath$JarLoader$2::getManifest (26 bytes)
Event: 2.399 Thread 0x00007f9a5c1bc490 nmethod 4092 0x00007f9aa130c590 code [0x00007f9aa130c720, 0x00007f9aa130ca28]
Event: 2.411 Thread 0x00007f9a5c1bc490 4094       4       java.security.SecureClassLoader::getProtectionDomain (38 bytes)
Event: 2.411 Thread 0x00007f9aac203790 nmethod 3907 0x00007f9aa130cb90 code [0x00007f9aa130cee0, 0x00007f9aa1313660]
Event: 2.411 Thread 0x00007f9aac203790 4095       4       java.lang.ClassLoader::postDefineClass (39 bytes)
Event: 2.413 Thread 0x00007f9a5c1bc490 nmethod 4094 0x00007f9aa1315e90 code [0x00007f9aa1316040, 0x00007f9aa1316248]
Event: 2.414 Thread 0x00007f9a5c1bc490 4096       4       java.security.SecureClassLoader::defineClass (16 bytes)
Event: 2.420 Thread 0x00007f9aac204fc0 4099       3       org.apache.logging.log4j.message.AbstractMessageFactory::<init> (5 bytes)
Event: 2.420 Thread 0x00007f9aac204fc0 nmethod 4099 0x00007f9a9a407490 code [0x00007f9a9a407620, 0x00007f9a9a407770]
Event: 2.421 Thread 0x00007f9aac204fc0 4100       3       org.apache.logging.log4j.spi.AbstractLogger::narrow (21 bytes)
Event: 2.421 Thread 0x00007f9aac204fc0 nmethod 4100 0x00007f9a9a407810 code [0x00007f9a9a4079c0, 0x00007f9a9a407d80]
Event: 2.432 Thread 0x00007f9a5c1b7620 nmethod 4093 0x00007f9aa1316410 code [0x00007f9aa1316700, 0x00007f9aa13193a0]
Event: 2.432 Thread 0x00007f9aac203790 nmethod 4095 0x00007f9aa131a010 code [0x00007f9aa131a220, 0x00007f9aa131b700]
Event: 2.432 Thread 0x00007f9a5c1b7620 4098       4       java.util.Arrays::copyOf (40 bytes)
Event: 2.432 Thread 0x00007f9aac203790 4097   !   4       jdk.internal.loader.Resource::getBytes (244 bytes)

GC Heap History (18 events):
Event: 0.393 GC heap before
{Heap before GC invocations=0 (full 0):
 garbage-first heap   total 258048K, used 20480K [0x0000000705a00000, 0x0000000800000000)
  region size 2048K, 11 young (22528K), 0 survivors (0K)
 Metaspace       used 11787K, capacity 11911K, committed 12288K, reserved 1060864K
  class space    used 1113K, capacity 1157K, committed 1280K, reserved 1048576K
}
Event: 0.396 GC heap after
{Heap after GC invocations=1 (full 0):
 garbage-first heap   total 258048K, used 6211K [0x0000000705a00000, 0x0000000800000000)
  region size 2048K, 2 young (4096K), 2 survivors (4096K)
 Metaspace       used 11787K, capacity 11911K, committed 12288K, reserved 1060864K
  class space    used 1113K, capacity 1157K, committed 1280K, reserved 1048576K
}
Event: 0.399 GC heap before
{Heap before GC invocations=1 (full 0):
 garbage-first heap   total 258048K, used 26691K [0x0000000705a00000, 0x0000000800000000)
  region size 2048K, 13 young (26624K), 2 survivors (4096K)
 Metaspace       used 11787K, capacity 11911K, committed 12288K, reserved 1060864K
  class space    used 1113K, capacity 1157K, committed 1280K, reserved 1048576K
}
Event: 0.401 GC heap after
{Heap after GC invocations=2 (full 0):
 garbage-first heap   total 258048K, used 6297K [0x0000000705a00000, 0x0000000800000000)
  region size 2048K, 1 young (2048K), 1 survivors (2048K)
 Metaspace       used 11787K, capacity 11911K, committed 12288K, reserved 1060864K
  class space    used 1113K, capacity 1157K, committed 1280K, reserved 1048576K
}
Event: 0.733 GC heap before
{Heap before GC invocations=2 (full 0):
 garbage-first heap   total 258048K, used 47257K [0x0000000705a00000, 0x0000000800000000)
  region size 2048K, 23 young (47104K), 1 survivors (2048K)
 Metaspace       used 20771K, capacity 20974K, committed 21248K, reserved 1069056K
  class space    used 2179K, capacity 2253K, committed 2304K, reserved 1048576K
}
Event: 0.735 GC heap after
{Heap after GC invocations=3 (full 0):
 garbage-first heap   total 258048K, used 8461K [0x0000000705a00000, 0x0000000800000000)
  region size 2048K, 2 young (4096K), 2 survivors (4096K)
 Metaspace       used 20771K, capacity 20974K, committed 21248K, reserved 1069056K
  class space    used 2179K, capacity 2253K, committed 2304K, reserved 1048576K
}
Event: 0.899 GC heap before
{Heap before GC invocations=4 (full 0):
 garbage-first heap   total 55296K, used 49421K [0x0000000705a00000, 0x0000000800000000)
  region size 2048K, 23 young (47104K), 2 survivors (4096K)
 Metaspace       used 25000K, capacity 25210K, committed 25600K, reserved 1073152K
  class space    used 2731K, capacity 2808K, committed 2816K, reserved 1048576K
}
Event: 0.901 GC heap after
{Heap after GC invocations=5 (full 0):
 garbage-first heap   total 59392K, used 9640K [0x0000000705a00000, 0x0000000800000000)
  region size 2048K, 2 young (4096K), 2 survivors (4096K)
 Metaspace       used 25000K, capacity 25210K, committed 25600K, reserved 1073152K
  class space    used 2731K, capacity 2808K, committed 2816K, reserved 1048576K
}
Event: 1.057 GC heap before
{Heap before GC invocations=5 (full 0):
 garbage-first heap   total 59392K, used 36264K [0x0000000705a00000, 0x0000000800000000)
  region size 2048K, 16 young (32768K), 2 survivors (4096K)
 Metaspace       used 26549K, capacity 26847K, committed 27136K, reserved 1073152K
  class space    used 2890K, capacity 2984K, committed 3072K, reserved 1048576K
}
Event: 1.061 GC heap after
{Heap after GC invocations=6 (full 0):
 garbage-first heap   total 159744K, used 10853K [0x0000000705a00000, 0x0000000800000000)
  region size 2048K, 2 young (4096K), 2 survivors (4096K)
 Metaspace       used 26549K, capacity 26847K, committed 27136K, reserved 1073152K
  class space    used 2890K, capacity 2984K, committed 3072K, reserved 1048576K
}
Event: 1.726 GC heap before
{Heap before GC invocations=6 (full 0):
 garbage-first heap   total 159744K, used 98917K [0x0000000705a00000, 0x0000000800000000)
  region size 2048K, 46 young (94208K), 2 survivors (4096K)
 Metaspace       used 35073K, capacity 35563K, committed 35712K, reserved 1081344K
  class space    used 3999K, capacity 4145K, committed 4224K, reserved 1048576K
}
Event: 1.731 GC heap after
{Heap after GC invocations=7 (full 0):
 garbage-first heap   total 159744K, used 14479K [0x0000000705a00000, 0x0000000800000000)
  region size 2048K, 3 young (6144K), 3 survivors (6144K)
 Metaspace       used 35073K, capacity 35563K, committed 35712K, reserved 1081344K
  class space    used 3999K, capacity 4145K, committed 4224K, reserved 1048576K
}
Event: 1.745 GC heap before
{Heap before GC invocations=7 (full 0):
 garbage-first heap   total 159744K, used 14479K [0x0000000705a00000, 0x0000000800000000)
  region size 2048K, 4 young (8192K), 3 survivors (6144K)
 Metaspace       used 35334K, capacity 35755K, committed 35840K, reserved 1081344K
  class space    used 4026K, capacity 4145K, committed 4224K, reserved 1048576K
}
Event: 1.748 GC heap after
{Heap after GC invocations=8 (full 0):
 garbage-first heap   total 159744K, used 14647K [0x0000000705a00000, 0x0000000800000000)
  region size 2048K, 4 young (8192K), 4 survivors (8192K)
 Metaspace       used 35334K, capacity 35755K, committed 35840K, reserved 1081344K
  class space    used 4026K, capacity 4145K, committed 4224K, reserved 1048576K
}
Event: 1.859 GC heap before
{Heap before GC invocations=9 (full 0):
 garbage-first heap   total 75776K, used 63799K [0x0000000705a00000, 0x0000000800000000)
  region size 2048K, 29 young (59392K), 4 survivors (8192K)
 Metaspace       used 36639K, capacity 37073K, committed 37120K, reserved 1081344K
  class space    used 4181K, capacity 4307K, committed 4352K, reserved 1048576K
}
Event: 1.863 GC heap after
{Heap after GC invocations=10 (full 0):
 garbage-first heap   total 79872K, used 15761K [0x0000000705a00000, 0x0000000800000000)
  region size 2048K, 1 young (2048K), 1 survivors (2048K)
 Metaspace       used 36639K, capacity 37073K, committed 37120K, reserved 1081344K
  class space    used 4181K, capacity 4307K, committed 4352K, reserved 1048576K
}
Event: 1.876 GC heap before
{Heap before GC invocations=10 (full 0):
 garbage-first heap   total 79872K, used 17809K [0x0000000705a00000, 0x0000000800000000)
  region size 2048K, 2 young (4096K), 1 survivors (2048K)
 Metaspace       used 36788K, capacity 37235K, committed 37376K, reserved 1083392K
  class space    used 4196K, capacity 4341K, committed 4352K, reserved 1048576K
}
Event: 1.877 GC heap after
{Heap after GC invocations=11 (full 0):
 garbage-first heap   total 96256K, used 15525K [0x0000000705a00000, 0x0000000800000000)
  region size 2048K, 1 young (2048K), 1 survivors (2048K)
 Metaspace       used 36788K, capacity 37235K, committed 37376K, reserved 1083392K
  class space    used 4196K, capacity 4341K, committed 4352K, reserved 1048576K
}

Deoptimization events (20 events):
Event: 2.309 Thread 0x00007f9a2c002800 Uncommon trap: trap_request=0xffffff45 fr.pc=0x00007f9aa12d7cf4 relative=0x00000000000002d4
Event: 2.309 Thread 0x00007f9a2c002800 Uncommon trap: reason=unstable_if action=reinterpret pc=0x00007f9aa12d7cf4 method=java.util.HashMap.getNode(Ljava/lang/Object;)Ljava/util/HashMap$Node; @ 66 c2
Event: 2.309 Thread 0x00007f9a2c002800 DEOPT PACKING pc=0x00007f9aa12d7cf4 sp=0x00007f9a765f9c60
Event: 2.309 Thread 0x00007f9a2c002800 DEOPT UNPACKING pc=0x00007f9a9965d125 sp=0x00007f9a765f9b80 mode 2
Event: 2.309 Thread 0x00007f9a2c002800 Uncommon trap: trap_request=0xffffff45 fr.pc=0x00007f9aa11b05bc relative=0x000000000000103c
Event: 2.309 Thread 0x00007f9a2c002800 Uncommon trap: reason=unstable_if action=reinterpret pc=0x00007f9aa11b05bc method=java.util.HashMap.putVal(ILjava/lang/Object;Ljava/lang/Object;ZZ)Ljava/lang/Object; @ 94 c2
Event: 2.309 Thread 0x00007f9a2c002800 DEOPT PACKING pc=0x00007f9aa11b05bc sp=0x00007f9a765f9c40
Event: 2.309 Thread 0x00007f9a2c002800 DEOPT UNPACKING pc=0x00007f9a9965d125 sp=0x00007f9a765f9b58 mode 2
Event: 2.310 Thread 0x00007f9a2c002800 Uncommon trap: trap_request=0xffffff45 fr.pc=0x00007f9aa119eb30 relative=0x0000000000000210
Event: 2.310 Thread 0x00007f9a2c002800 Uncommon trap: reason=unstable_if action=reinterpret pc=0x00007f9aa119eb30 method=java.util.HashMap.getNode(Ljava/lang/Object;)Ljava/util/HashMap$Node; @ 66 c2
Event: 2.310 Thread 0x00007f9a2c002800 DEOPT PACKING pc=0x00007f9aa119eb30 sp=0x00007f9a765f9bb0
Event: 2.310 Thread 0x00007f9a2c002800 DEOPT UNPACKING pc=0x00007f9a9965d125 sp=0x00007f9a765f9b60 mode 2
Event: 2.313 Thread 0x00007f9a2c002800 Uncommon trap: trap_request=0xffffff45 fr.pc=0x00007f9aa12c4700 relative=0x0000000000000f20
Event: 2.313 Thread 0x00007f9a2c002800 Uncommon trap: reason=unstable_if action=reinterpret pc=0x00007f9aa12c4700 method=java.util.HashMap.putVal(ILjava/lang/Object;Ljava/lang/Object;ZZ)Ljava/lang/Object; @ 94 c2
Event: 2.313 Thread 0x00007f9a2c002800 DEOPT PACKING pc=0x00007f9aa12c4700 sp=0x00007f9a765f9b80
Event: 2.313 Thread 0x00007f9a2c002800 DEOPT UNPACKING pc=0x00007f9a9965d125 sp=0x00007f9a765f9b48 mode 2
Event: 2.324 Thread 0x00007f9a2c002800 Uncommon trap: trap_request=0xffffffcc fr.pc=0x00007f9aa12d27c8 relative=0x0000000000000328
Event: 2.324 Thread 0x00007f9a2c002800 Uncommon trap: reason=intrinsic_or_type_checked_inlining action=make_not_entrant pc=0x00007f9aa12d27c8 method=java.util.Arrays.copyOf([Ljava/lang/Object;ILjava/lang/Class;)[Ljava/lang/Object; @ 35 c2
Event: 2.324 Thread 0x00007f9a2c002800 DEOPT PACKING pc=0x00007f9aa12d27c8 sp=0x00007f9a765f9c60
Event: 2.324 Thread 0x00007f9a2c002800 DEOPT UNPACKING pc=0x00007f9a9965d125 sp=0x00007f9a765f9bf0 mode 2

Classes unloaded (0 events):
No events

Classes redefined (0 events):
No events

Internal exceptions (20 events):
Event: 1.471 Thread 0x00007f9a2c002800 Exception <a 'java/lang/ClassNotFoundException'{0x000000070d6aecf0}: org/springframework/aop/framework/AopInfrastructureBeanCustomizer> (0x000000070d6aecf0) 
thrown [open/src/hotspot/share/classfile/systemDictionary.cpp, line 295]
Event: 1.487 Thread 0x00007f9a2c002800 Exception <a 'java/lang/ClassNotFoundException'{0x000000070d792860}: java/lang/ObjectCustomizer> (0x000000070d792860) 
thrown [open/src/hotspot/share/classfile/systemDictionary.cpp, line 295]
Event: 1.488 Thread 0x00007f9a2c002800 Exception <a 'java/lang/ClassNotFoundException'{0x000000070d79ad80}: org/springframework/transaction/annotation/AbstractTransactionManagementConfigurationCustomizer> (0x000000070d79ad80) 
thrown [open/src/hotspot/share/classfile/systemDictionary.cpp, line 295]
Event: 1.488 Thread 0x00007f9a2c002800 Exception <a 'java/lang/ClassNotFoundException'{0x000000070d7a1de8}: org/springframework/transaction/annotation/ProxyTransactionManagementConfigurationCustomizer> (0x000000070d7a1de8) 
thrown [open/src/hotspot/share/classfile/systemDictionary.cpp, line 295]
Event: 1.488 Thread 0x00007f9a2c002800 Exception <a 'java/lang/ClassNotFoundException'{0x000000070d7aa5c0}: org/springframework/context/annotation/ImportAwareCustomizer> (0x000000070d7aa5c0) 
thrown [open/src/hotspot/share/classfile/systemDictionary.cpp, line 295]
Event: 1.489 Thread 0x00007f9a2c002800 Exception <a 'java/lang/ClassNotFoundException'{0x000000070d7afb10}: org/springframework/beans/factory/AwareCustomizer> (0x000000070d7afb10) 
thrown [open/src/hotspot/share/classfile/systemDictionary.cpp, line 295]
Event: 1.512 Thread 0x00007f9a2c002800 Exception <a 'java/lang/NoSuchMethodError'{0x000000070d56ce68}: 'java.lang.Object java.lang.invoke.DirectMethodHandle$Holder.invokeSpecialIFC(java.lang.Object, java.lang.Object, java.lang.Object)'> (0x000000070d56ce68) 
thrown [open/src/hotspot/share/interpreter/linkResolver.cpp, line 781]
Event: 1.532 Thread 0x00007f9a2c002800 Exception <a 'java/lang/NoSuchMethodError'{0x000000070d292a80}: 'int java.lang.invoke.DirectMethodHandle$Holder.invokeSpecial(java.lang.Object, java.lang.Object, java.lang.Object, java.lang.Object, java.lang.Object)'> (0x000000070d292a80) 
thrown [open/src/hotspot/share/interpreter/linkResolver.cpp, line 781]
Event: 1.566 Thread 0x00007f9a2c002800 Implicit null exception at 0x00007f9aa12013ba to 0x00007f9aa12015bc
Event: 1.579 Thread 0x00007f9a2c002800 Exception <a 'java/lang/NoSuchMethodError'{0x000000070d1be6c0}: 'void java.lang.invoke.DirectMethodHandle$Holder.invokeInterface(java.lang.Object, java.lang.Object, int)'> (0x000000070d1be6c0) 
thrown [open/src/hotspot/share/interpreter/linkResolver.cpp, line 781]
Event: 1.580 Thread 0x00007f9a2c002800 Exception <a 'java/lang/NoSuchMethodError'{0x000000070d1d9f20}: 'int java.lang.invoke.DirectMethodHandle$Holder.invokeVirtual(java.lang.Object, java.lang.Object)'> (0x000000070d1d9f20) 
thrown [open/src/hotspot/share/interpreter/linkResolver.cpp, line 781]
Event: 1.583 Thread 0x00007f9a2c002800 Exception <a 'java/lang/IncompatibleClassChangeError'{0x000000070ce17da0}: Found class java.lang.Object, but interface was expected> (0x000000070ce17da0) 
thrown [open/src/hotspot/share/interpreter/linkResolver.cpp, line 848]
Event: 1.584 Thread 0x00007f9a2c002800 Exception <a 'java/lang/NoSuchMethodError'{0x000000070ce22ef8}: 'void java.lang.invoke.DirectMethodHandle$Holder.invokeStatic(java.lang.Object, int, java.lang.Object)'> (0x000000070ce22ef8) 
thrown [open/src/hotspot/share/interpreter/linkResolver.cpp, line 781]
Event: 1.586 Thread 0x00007f9a2c002800 Exception <a 'java/lang/NoSuchMethodError'{0x000000070ce55718}: 'int java.lang.invoke.DirectMethodHandle$Holder.invokeSpecial(java.lang.Object, java.lang.Object, int)'> (0x000000070ce55718) 
thrown [open/src/hotspot/share/interpreter/linkResolver.cpp, line 781]
Event: 1.805 Thread 0x00007f9a2c002800 Exception <a 'java/io/FileNotFoundException'{0x00000007071feac0}> (0x00000007071feac0) 
thrown [open/src/hotspot/share/prims/jni.cpp, line 578]
Event: 1.814 Thread 0x00007f9a2c002800 Exception <a 'java/lang/NoSuchMethodError'{0x0000000706f5eaa8}: 'int java.lang.invoke.DirectMethodHandle$Holder.invokeInterface(java.lang.Object, java.lang.Object, java.lang.Object, java.lang.Object)'> (0x0000000706f5eaa8) 
thrown [open/src/hotspot/share/interpreter/linkResolver.cpp, line 781]
Event: 1.841 Thread 0x00007f9a2c002800 Exception <a 'java/io/FileNotFoundException'{0x0000000706d3f7b8}> (0x0000000706d3f7b8) 
thrown [open/src/hotspot/share/prims/jni.cpp, line 578]
Event: 1.853 Thread 0x00007f9a2c002800 Exception <a 'java/lang/NoSuchMethodError'{0x0000000706b1fd88}: 'void java.lang.invoke.DirectMethodHandle$Holder.invokeStatic(java.lang.Object, java.lang.Object, int)'> (0x0000000706b1fd88) 
thrown [open/src/hotspot/share/interpreter/linkResolver.cpp, line 781]
Event: 2.226 Thread 0x00007f9a2c002800 Exception <a 'java/lang/NoSuchMethodError'{0x000000070949d128}: 'java.lang.Object java.lang.invoke.DirectMethodHandle$Holder.invokeStaticInit(java.lang.Object, java.lang.Object, java.lang.Object, java.lang.Object)'> (0x000000070949d128) 
thrown [open/src/hotspot/share/interpreter/linkResolver.cpp, line 781]
Event: 2.357 Thread 0x00007f9a2c002800 Exception <a 'java/lang/NoSuchMethodError'{0x0000000708b4a440}: 'java.lang.Object java.lang.invoke.DirectMethodHandle$Holder.newInvokeSpecial(java.lang.Object, java.lang.Object, int, java.lang.Object, java.lang.Object)'> (0x0000000708b4a440) 
thrown [open/src/hotspot/share/interpreter/linkResolver.cpp, line 781]

Events (20 events):
Event: 2.169 loading class java/util/concurrent/ThreadPoolExecutor$CallerRunsPolicy
Event: 2.169 loading class java/util/concurrent/ThreadPoolExecutor$CallerRunsPolicy done
Event: 2.192 loading class java/util/regex/Pattern$1MatcherIterator
Event: 2.192 loading class java/util/regex/Pattern$1MatcherIterator done
Event: 2.270 Thread 0x00007f99f8000ff0 Thread added: 0x00007f99f8000ff0
Event: 2.270 Protecting memory [0x00007f99ffaff000,0x00007f99ffb03000] with protection modes 0
Event: 2.277 loading class sun/reflect/generics/repository/FieldRepository
Event: 2.277 loading class sun/reflect/generics/repository/FieldRepository done
Event: 2.328 loading class sun/security/provider/MD5
Event: 2.328 loading class sun/security/provider/MD5 done
Event: 2.328 loading class java/math/MutableBigInteger
Event: 2.329 loading class java/math/MutableBigInteger done
Event: 2.354 loading class java/io/InvalidObjectException
Event: 2.355 loading class java/io/InvalidObjectException done
Event: 2.355 loading class javax/naming/RefAddr
Event: 2.355 loading class javax/naming/RefAddr done
Event: 2.355 loading class javax/naming/StringRefAddr
Event: 2.355 loading class javax/naming/StringRefAddr done
Event: 2.375 loading class java/lang/SafeVarargs
Event: 2.375 loading class java/lang/SafeVarargs done


Dynamic libraries:
705a00000-70aa00000 rw-p 00000000 00:00 0 
70aa00000-70ec00000 ---p 00000000 00:00 0 
70ec00000-70ee00000 rw-p 00000000 00:00 0 
70ee00000-712400000 ---p 00000000 00:00 0 
712400000-712800000 rw-p 00000000 00:00 0 
712800000-715200000 ---p 00000000 00:00 0 
715200000-715600000 rw-p 00000000 00:00 0 
715600000-7ffc00000 ---p 00000000 00:00 0 
7ffc00000-800640000 rw-p 00000000 00:00 0 
800640000-840000000 ---p 00000000 00:00 0 
559da3c28000-559da3c29000 r-xp 00000000 103:02 5399954                   /usr/lib/eclipse/plugins/org.eclipse.justj.openjdk.hotspot.jre.full.linux.x86_64_15.0.1.v20201027-0507/jre/bin/java
559da3c2a000-559da3c2b000 r--p 00001000 103:02 5399954                   /usr/lib/eclipse/plugins/org.eclipse.justj.openjdk.hotspot.jre.full.linux.x86_64_15.0.1.v20201027-0507/jre/bin/java
559da3c2b000-559da3c2c000 rw-p 00002000 103:02 5399954                   /usr/lib/eclipse/plugins/org.eclipse.justj.openjdk.hotspot.jre.full.linux.x86_64_15.0.1.v20201027-0507/jre/bin/java
559da4a68000-559da4a89000 rw-p 00000000 00:00 0                          [heap]
7f99f0000000-7f99f0021000 rw-p 00000000 00:00 0 
7f99f0021000-7f99f4000000 ---p 00000000 00:00 0 
7f99f8000000-7f99f8021000 rw-p 00000000 00:00 0 
7f99f8021000-7f99fc000000 ---p 00000000 00:00 0 
7f99ff8fc000-7f99ffafc000 rw-p 00000000 00:00 0 
7f99ffaff000-7f99ffb03000 ---p 00000000 00:00 0 
7f99ffb03000-7f99ffe00000 rw-p 00000000 00:00 0 
7f99ffe00000-7f9a00000000 rw-p 00000000 00:00 0 
7f9a00000000-7f9a00021000 rw-p 00000000 00:00 0 
7f9a00021000-7f9a04000000 ---p 00000000 00:00 0 
7f9a04000000-7f9a04021000 rw-p 00000000 00:00 0 
7f9a04021000-7f9a08000000 ---p 00000000 00:00 0 
7f9a08000000-7f9a08021000 rw-p 00000000 00:00 0 
7f9a08021000-7f9a0c000000 ---p 00000000 00:00 0 
7f9a0c000000-7f9a0c021000 rw-p 00000000 00:00 0 
7f9a0c021000-7f9a10000000 ---p 00000000 00:00 0 
7f9a10000000-7f9a10021000 rw-p 00000000 00:00 0 
7f9a10021000-7f9a14000000 ---p 00000000 00:00 0 
7f9a14000000-7f9a14021000 rw-p 00000000 00:00 0 
7f9a14021000-7f9a18000000 ---p 00000000 00:00 0 
7f9a18000000-7f9a1802c000 rw-p 00000000 00:00 0 
7f9a1802c000-7f9a1c000000 ---p 00000000 00:00 0 
7f9a1c000000-7f9a1c021000 rw-p 00000000 00:00 0 
7f9a1c021000-7f9a20000000 ---p 00000000 00:00 0 
7f9a20000000-7f9a2115d000 rw-p 00000000 00:00 0 
7f9a2115d000-7f9a24000000 ---p 00000000 00:00 0 
7f9a24000000-7f9a24279000 rw-p 00000000 00:00 0 
7f9a24279000-7f9a28000000 ---p 00000000 00:00 0 
7f9a28000000-7f9a28021000 rw-p 00000000 00:00 0 
7f9a28021000-7f9a2c000000 ---p 00000000 00:00 0 
7f9a2c000000-7f9a2c021000 rw-p 00000000 00:00 0 
7f9a2c021000-7f9a30000000 ---p 00000000 00:00 0 
7f9a30000000-7f9a30021000 rw-p 00000000 00:00 0 
7f9a30021000-7f9a34000000 ---p 00000000 00:00 0 
7f9a34000000-7f9a34021000 rw-p 00000000 00:00 0 
7f9a34021000-7f9a38000000 ---p 00000000 00:00 0 
7f9a38000000-7f9a38021000 rw-p 00000000 00:00 0 
7f9a38021000-7f9a3c000000 ---p 00000000 00:00 0 
7f9a3c000000-7f9a3c021000 rw-p 00000000 00:00 0 
7f9a3c021000-7f9a40000000 ---p 00000000 00:00 0 
7f9a40000000-7f9a4105b000 rw-p 00000000 00:00 0 
7f9a4105b000-7f9a44000000 ---p 00000000 00:00 0 
7f9a44000000-7f9a450cd000 rw-p 00000000 00:00 0 
7f9a450cd000-7f9a48000000 ---p 00000000 00:00 0 
7f9a48000000-7f9a48021000 rw-p 00000000 00:00 0 
7f9a48021000-7f9a4c000000 ---p 00000000 00:00 0 
7f9a4c000000-7f9a4c021000 rw-p 00000000 00:00 0 
7f9a4c021000-7f9a50000000 ---p 00000000 00:00 0 
7f9a50000000-7f9a50021000 rw-p 00000000 00:00 0 
7f9a50021000-7f9a54000000 ---p 00000000 00:00 0 
7f9a54000000-7f9a54021000 rw-p 00000000 00:00 0 
7f9a54021000-7f9a58000000 ---p 00000000 00:00 0 
7f9a58000000-7f9a590e7000 rw-p 00000000 00:00 0 
7f9a590e7000-7f9a5c000000 ---p 00000000 00:00 0 
7f9a5c000000-7f9a5c902000 rw-p 00000000 00:00 0 
7f9a5c902000-7f9a60000000 ---p 00000000 00:00 0 
7f9a60000000-7f9a60021000 rw-p 00000000 00:00 0 
7f9a60021000-7f9a64000000 ---p 00000000 00:00 0 
7f9a64000000-7f9a64021000 rw-p 00000000 00:00 0 
7f9a64021000-7f9a68000000 ---p 00000000 00:00 0 
7f9a68000000-7f9a68021000 rw-p 00000000 00:00 0 
7f9a68021000-7f9a6c000000 ---p 00000000 00:00 0 
7f9a6c000000-7f9a6c021000 rw-p 00000000 00:00 0 
7f9a6c021000-7f9a70000000 ---p 00000000 00:00 0 
7f9a70000000-7f9a70021000 rw-p 00000000 00:00 0 
7f9a70021000-7f9a74000000 ---p 00000000 00:00 0 
7f9a740e7000-7f9a740eb000 ---p 00000000 00:00 0 
7f9a740eb000-7f9a743e8000 rw-p 00000000 00:00 0 
7f9a743e8000-7f9a745e8000 rw-p 00000000 00:00 0 
7f9a745e8000-7f9a747e8000 rw-p 00000000 00:00 0 
7f9a747ea000-7f9a747eb000 ---p 00000000 00:00 0 
7f9a747eb000-7f9a748ec000 rw-p 00000000 00:00 0 
7f9a748ec000-7f9a748ed000 ---p 00000000 00:00 0 
7f9a748ed000-7f9a749ee000 rw-p 00000000 00:00 0 
7f9a749ee000-7f9a749f2000 ---p 00000000 00:00 0 
7f9a749f2000-7f9a74aef000 rw-p 00000000 00:00 0 
7f9a74aef000-7f9a74af3000 ---p 00000000 00:00 0 
7f9a74af3000-7f9a74df0000 rw-p 00000000 00:00 0 
7f9a74df0000-7f9a74ff0000 rw-p 00000000 00:00 0 
7f9a74ff0000-7f9a751f0000 rw-p 00000000 00:00 0 
7f9a751f0000-7f9a753f0000 rw-p 00000000 00:00 0 
7f9a753f0000-7f9a755f0000 rw-p 00000000 00:00 0 
7f9a755f0000-7f9a757f0000 rw-p 00000000 00:00 0 
7f9a757f0000-7f9a757f1000 ---p 00000000 00:00 0 
7f9a757f1000-7f9a758f2000 rw-p 00000000 00:00 0 
7f9a758f2000-7f9a758f3000 ---p 00000000 00:00 0 
7f9a758f3000-7f9a759f4000 rw-p 00000000 00:00 0 
7f9a759f4000-7f9a759f5000 ---p 00000000 00:00 0 
7f9a759f5000-7f9a75af6000 rw-p 00000000 00:00 0 
7f9a75af6000-7f9a75af7000 ---p 00000000 00:00 0 
7f9a75af7000-7f9a75df8000 rw-p 00000000 00:00 0 
7f9a75df8000-7f9a75ff8000 rw-p 00000000 00:00 0 
7f9a75ffb000-7f9a75fff000 ---p 00000000 00:00 0 
7f9a75fff000-7f9a762fc000 rw-p 00000000 00:00 0 
7f9a762fc000-7f9a764fc000 rw-p 00000000 00:00 0 
7f9a764fc000-7f9a76500000 ---p 00000000 00:00 0 
7f9a76500000-7f9a765fd000 rw-p 00000000 00:00 0 
7f9a765fd000-7f9a76601000 ---p 00000000 00:00 0 
7f9a76601000-7f9a766fe000 rw-p 00000000 00:00 0 
7f9a766fe000-7f9a766ff000 ---p 00000000 00:00 0 
7f9a766ff000-7f9a76800000 rw-p 00000000 00:00 0 
7f9a76800000-7f9a76801000 ---p 00000000 00:00 0 
7f9a76801000-7f9a76902000 rw-p 00000000 00:00 0 
7f9a76902000-7f9a76903000 ---p 00000000 00:00 0 
7f9a76903000-7f9a76a04000 rw-p 00000000 00:00 0 
7f9a76a04000-7f9a76a05000 ---p 00000000 00:00 0 
7f9a76a05000-7f9a76b06000 rw-p 00000000 00:00 0 
7f9a76b06000-7f9a76b07000 ---p 00000000 00:00 0 
7f9a76b07000-7f9a76e08000 rw-p 00000000 00:00 0 
7f9a76e0a000-7f9a76e0e000 ---p 00000000 00:00 0 
7f9a76e0e000-7f9a76f0b000 rw-p 00000000 00:00 0 
7f9a76f0b000-7f9a76f0f000 ---p 00000000 00:00 0 
7f9a76f0f000-7f9a7720c000 rw-p 00000000 00:00 0 
7f9a7720c000-7f9a77210000 ---p 00000000 00:00 0 
7f9a77210000-7f9a7730d000 rw-p 00000000 00:00 0 
7f9a7730d000-7f9a7730e000 ---p 00000000 00:00 0 
7f9a7730e000-7f9a7740f000 rw-p 00000000 00:00 0 
7f9a7740f000-7f9a77413000 ---p 00000000 00:00 0 
7f9a77413000-7f9a77510000 rw-p 00000000 00:00 0 
7f9a77510000-7f9a77514000 ---p 00000000 00:00 0 
7f9a77514000-7f9a77611000 rw-p 00000000 00:00 0 
7f9a77611000-7f9a77615000 ---p 00000000 00:00 0 
7f9a77615000-7f9a77712000 rw-p 00000000 00:00 0 
7f9a77712000-7f9a77716000 ---p 00000000 00:00 0 
7f9a77716000-7f9a77813000 rw-p 00000000 00:00 0 
7f9a77813000-7f9a77817000 ---p 00000000 00:00 0 
7f9a77817000-7f9a77914000 rw-p 00000000 00:00 0 
7f9a77914000-7f9a77918000 ---p 00000000 00:00 0 
7f9a77918000-7f9a77a15000 rw-p 00000000 00:00 0 
7f9a77a15000-7f9a77cfc000 r--p 00000000 103:02 4084437                   /usr/lib/locale/locale-archive
7f9a77cfc000-7f9a77d00000 ---p 00000000 00:00 0 
7f9a77d00000-7f9a77dfd000 rw-p 00000000 00:00 0 
7f9a77dfd000-7f9a77e01000 ---p 00000000 00:00 0 
7f9a77e01000-7f9a77efe000 rw-p 00000000 00:00 0 
7f9a77efe000-7f9a77eff000 ---p 00000000 00:00 0 
7f9a77eff000-7f9a78000000 rw-p 00000000 00:00 0 
7f9a78000000-7f9a78021000 rw-p 00000000 00:00 0 
7f9a78021000-7f9a7c000000 ---p 00000000 00:00 0 
7f9a7c000000-7f9a7c021000 rw-p 00000000 00:00 0 
7f9a7c021000-7f9a80000000 ---p 00000000 00:00 0 
7f9a80000000-7f9a80021000 rw-p 00000000 00:00 0 
7f9a80021000-7f9a84000000 ---p 00000000 00:00 0 
7f9a84000000-7f9a84021000 rw-p 00000000 00:00 0 
7f9a84021000-7f9a88000000 ---p 00000000 00:00 0 
7f9a88000000-7f9a88021000 rw-p 00000000 00:00 0 
7f9a88021000-7f9a8c000000 ---p 00000000 00:00 0 
7f9a8c04f000-7f9a8c051000 r-xp 00000000 103:02 5775973                   /usr/lib/eclipse/plugins/org.eclipse.justj.openjdk.hotspot.jre.full.linux.x86_64_15.0.1.v20201027-0507/jre/lib/libextnet.so
7f9a8c051000-7f9a8c052000 r--p 00001000 103:02 5775973                   /usr/lib/eclipse/plugins/org.eclipse.justj.openjdk.hotspot.jre.full.linux.x86_64_15.0.1.v20201027-0507/jre/lib/libextnet.so
7f9a8c052000-7f9a8c053000 rw-p 00002000 103:02 5775973                   /usr/lib/eclipse/plugins/org.eclipse.justj.openjdk.hotspot.jre.full.linux.x86_64_15.0.1.v20201027-0507/jre/lib/libextnet.so
7f9a8c053000-7f9a8c060000 r-xp 00000000 103:02 5776001                   /usr/lib/eclipse/plugins/org.eclipse.justj.openjdk.hotspot.jre.full.linux.x86_64_15.0.1.v20201027-0507/jre/lib/libverify.so
7f9a8c060000-7f9a8c062000 r--p 0000c000 103:02 5776001                   /usr/lib/eclipse/plugins/org.eclipse.justj.openjdk.hotspot.jre.full.linux.x86_64_15.0.1.v20201027-0507/jre/lib/libverify.so
7f9a8c062000-7f9a8c063000 rw-p 0000e000 103:02 5776001                   /usr/lib/eclipse/plugins/org.eclipse.justj.openjdk.hotspot.jre.full.linux.x86_64_15.0.1.v20201027-0507/jre/lib/libverify.so
7f9a8c063000-7f9a8c094000 rw-p 00000000 00:00 0 
7f9a8c094000-7f9a8c0a9000 r-xp 00000000 103:02 5775993                   /usr/lib/eclipse/plugins/org.eclipse.justj.openjdk.hotspot.jre.full.linux.x86_64_15.0.1.v20201027-0507/jre/lib/libnet.so
7f9a8c0a9000-7f9a8c0aa000 r--p 00014000 103:02 5775993                   /usr/lib/eclipse/plugins/org.eclipse.justj.openjdk.hotspot.jre.full.linux.x86_64_15.0.1.v20201027-0507/jre/lib/libnet.so
7f9a8c0aa000-7f9a8c0ab000 rw-p 00015000 103:02 5775993                   /usr/lib/eclipse/plugins/org.eclipse.justj.openjdk.hotspot.jre.full.linux.x86_64_15.0.1.v20201027-0507/jre/lib/libnet.so
7f9a8c0ab000-7f9a8c9c8000 rw-p 00000000 00:00 0 
7f9a8c9c8000-7f9a8c9c9000 ---p 00000000 00:00 0 
7f9a8c9c9000-7f9a8caca000 rw-p 00000000 00:00 0 
7f9a8caca000-7f9a8cacb000 ---p 00000000 00:00 0 
7f9a8cacb000-7f9a8f5d6000 rw-p 00000000 00:00 0 
7f9a8f5d6000-7f9a8f5d7000 ---p 00000000 00:00 0 
7f9a8f5d7000-7f9a8f6d8000 rw-p 00000000 00:00 0 
7f9a8f6d8000-7f9a8f6d9000 ---p 00000000 00:00 0 
7f9a8f6d9000-7f9a8f7da000 rw-p 00000000 00:00 0 
7f9a8f7da000-7f9a8f7db000 ---p 00000000 00:00 0 
7f9a8f7db000-7f9a8fa9e000 rw-p 00000000 00:00 0 
7f9a8fa9e000-7f9a8fba6000 ---p 00000000 00:00 0 
7f9a8fba6000-7f9a8fbae000 rw-p 00000000 00:00 0 
7f9a8fbae000-7f9a8fc86000 ---p 00000000 00:00 0 
7f9a8fc86000-7f9a8fc96000 rw-p 00000000 00:00 0 
7f9a8fc96000-7f9a8fd3e000 ---p 00000000 00:00 0 
7f9a8fd3e000-7f9a8fd4e000 rw-p 00000000 00:00 0 
7f9a8fd4e000-7f9a937e6000 ---p 00000000 00:00 0 
7f9a937e6000-7f9a93936000 rw-p 00000000 00:00 0 
7f9a93936000-7f9a93a3e000 ---p 00000000 00:00 0 
7f9a93a3e000-7f9a93a46000 rw-p 00000000 00:00 0 
7f9a93a46000-7f9a93b1e000 ---p 00000000 00:00 0 
7f9a93b1e000-7f9a93b2e000 rw-p 00000000 00:00 0 
7f9a93b2e000-7f9a93bd6000 ---p 00000000 00:00 0 
7f9a93bd6000-7f9a93be6000 rw-p 00000000 00:00 0 
7f9a93be6000-7f9a9767e000 ---p 00000000 00:00 0 
7f9a9767e000-7f9a976b6000 rw-p 00000000 00:00 0 
7f9a976b6000-7f9a976d7000 ---p 00000000 00:00 0 
7f9a976d7000-7f9a976d8000 rw-p 00000000 00:00 0 
7f9a976d8000-7f9a976f3000 ---p 00000000 00:00 0 
7f9a976f3000-7f9a976f5000 rw-p 00000000 00:00 0 
7f9a976f5000-7f9a9770a000 ---p 00000000 00:00 0 
7f9a9770a000-7f9a9770c000 rw-p 00000000 00:00 0 
7f9a9770c000-7f9a97e5f000 ---p 00000000 00:00 0 
7f9a97e5f000-7f9a97e89000 rw-p 00000000 00:00 0 
7f9a97e89000-7f9a97eaa000 ---p 00000000 00:00 0 
7f9a97eaa000-7f9a97eab000 rw-p 00000000 00:00 0 
7f9a97eab000-7f9a97ec6000 ---p 00000000 00:00 0 
7f9a97ec6000-7f9a97ec8000 rw-p 00000000 00:00 0 
7f9a97ec8000-7f9a97edd000 ---p 00000000 00:00 0 
7f9a97edd000-7f9a97edf000 rw-p 00000000 00:00 0 
7f9a97edf000-7f9a98632000 ---p 00000000 00:00 0 
7f9a98632000-7f9a9865c000 rw-p 00000000 00:00 0 
7f9a9865c000-7f9a9867d000 ---p 00000000 00:00 0 
7f9a9867d000-7f9a9867e000 rw-p 00000000 00:00 0 
7f9a9867e000-7f9a98699000 ---p 00000000 00:00 0 
7f9a98699000-7f9a9869b000 rw-p 00000000 00:00 0 
7f9a9869b000-7f9a986b0000 ---p 00000000 00:00 0 
7f9a986b0000-7f9a986b2000 rw-p 00000000 00:00 0 
7f9a986b2000-7f9a98e05000 ---p 00000000 00:00 0 
7f9a98e05000-7f9a9960f000 rw-p 00000000 00:00 0 
7f9a9960f000-7f9a9987f000 rwxp 00000000 00:00 0 
7f9a9987f000-7f9a99ba1000 ---p 00000000 00:00 0 
7f9a99ba1000-7f9a9a411000 rwxp 00000000 00:00 0 
7f9a9a411000-7f9aa10d8000 ---p 00000000 00:00 0 
7f9aa10d8000-7f9aa1348000 rwxp 00000000 00:00 0 
7f9aa1348000-7f9aa860f000 ---p 00000000 00:00 0 
7f9aa860f000-7f9aac000000 r--s 00000000 103:02 5776003                   /usr/lib/eclipse/plugins/org.eclipse.justj.openjdk.hotspot.jre.full.linux.x86_64_15.0.1.v20201027-0507/jre/lib/modules
7f9aac000000-7f9aac8e8000 rw-p 00000000 00:00 0 
7f9aac8e8000-7f9ab0000000 ---p 00000000 00:00 0 
7f9ab0001000-7f9ab0006000 r-xp 00000000 103:02 5775991                   /usr/lib/eclipse/plugins/org.eclipse.justj.openjdk.hotspot.jre.full.linux.x86_64_15.0.1.v20201027-0507/jre/lib/libmanagement_ext.so
7f9ab0006000-7f9ab0007000 r--p 00004000 103:02 5775991                   /usr/lib/eclipse/plugins/org.eclipse.justj.openjdk.hotspot.jre.full.linux.x86_64_15.0.1.v20201027-0507/jre/lib/libmanagement_ext.so
7f9ab0007000-7f9ab0008000 rw-p 00005000 103:02 5775991                   /usr/lib/eclipse/plugins/org.eclipse.justj.openjdk.hotspot.jre.full.linux.x86_64_15.0.1.v20201027-0507/jre/lib/libmanagement_ext.so
7f9ab0008000-7f9ab001a000 r-xp 00000000 103:02 5775994                   /usr/lib/eclipse/plugins/org.eclipse.justj.openjdk.hotspot.jre.full.linux.x86_64_15.0.1.v20201027-0507/jre/lib/libnio.so
7f9ab001a000-7f9ab001b000 r--p 00011000 103:02 5775994                   /usr/lib/eclipse/plugins/org.eclipse.justj.openjdk.hotspot.jre.full.linux.x86_64_15.0.1.v20201027-0507/jre/lib/libnio.so
7f9ab001b000-7f9ab001c000 rw-p 00012000 103:02 5775994                   /usr/lib/eclipse/plugins/org.eclipse.justj.openjdk.hotspot.jre.full.linux.x86_64_15.0.1.v20201027-0507/jre/lib/libnio.so
7f9ab001c000-7f9ab0265000 rw-p 00000000 00:00 0 
7f9ab0265000-7f9ab034b000 ---p 00000000 00:00 0 
7f9ab034b000-7f9ab035c000 rw-p 00000000 00:00 0 
7f9ab035c000-7f9ab0436000 ---p 00000000 00:00 0 
7f9ab0436000-7f9ab045a000 r-xp 00000000 103:02 5775980                   /usr/lib/eclipse/plugins/org.eclipse.justj.openjdk.hotspot.jre.full.linux.x86_64_15.0.1.v20201027-0507/jre/lib/libjava.so
7f9ab045a000-7f9ab045b000 ---p 00024000 103:02 5775980                   /usr/lib/eclipse/plugins/org.eclipse.justj.openjdk.hotspot.jre.full.linux.x86_64_15.0.1.v20201027-0507/jre/lib/libjava.so
7f9ab045b000-7f9ab045c000 r--p 00024000 103:02 5775980                   /usr/lib/eclipse/plugins/org.eclipse.justj.openjdk.hotspot.jre.full.linux.x86_64_15.0.1.v20201027-0507/jre/lib/libjava.so
7f9ab045c000-7f9ab045d000 rw-p 00025000 103:02 5775980                   /usr/lib/eclipse/plugins/org.eclipse.justj.openjdk.hotspot.jre.full.linux.x86_64_15.0.1.v20201027-0507/jre/lib/libjava.so
7f9ab045d000-7f9ab045e000 rw-p 00000000 00:00 0 
7f9ab045e000-7f9ab0461000 r--p 00000000 103:02 4066713                   /usr/lib/libnss_files-2.33.so
7f9ab0461000-7f9ab0468000 r-xp 00003000 103:02 4066713                   /usr/lib/libnss_files-2.33.so
7f9ab0468000-7f9ab046a000 r--p 0000a000 103:02 4066713                   /usr/lib/libnss_files-2.33.so
7f9ab046a000-7f9ab046b000 r--p 0000b000 103:02 4066713                   /usr/lib/libnss_files-2.33.so
7f9ab046b000-7f9ab046c000 rw-p 0000c000 103:02 4066713                   /usr/lib/libnss_files-2.33.so
7f9ab046c000-7f9ab0472000 rw-p 00000000 00:00 0 
7f9ab0473000-7f9ab0477000 r-xp 00000000 103:02 5775989                   /usr/lib/eclipse/plugins/org.eclipse.justj.openjdk.hotspot.jre.full.linux.x86_64_15.0.1.v20201027-0507/jre/lib/libmanagement.so
7f9ab0477000-7f9ab0478000 r--p 00003000 103:02 5775989                   /usr/lib/eclipse/plugins/org.eclipse.justj.openjdk.hotspot.jre.full.linux.x86_64_15.0.1.v20201027-0507/jre/lib/libmanagement.so
7f9ab0478000-7f9ab0479000 rw-p 00004000 103:02 5775989                   /usr/lib/eclipse/plugins/org.eclipse.justj.openjdk.hotspot.jre.full.linux.x86_64_15.0.1.v20201027-0507/jre/lib/libmanagement.so
7f9ab0479000-7f9ab0480000 r-xp 00000000 103:02 5776002                   /usr/lib/eclipse/plugins/org.eclipse.justj.openjdk.hotspot.jre.full.linux.x86_64_15.0.1.v20201027-0507/jre/lib/libzip.so
7f9ab0480000-7f9ab0481000 ---p 00007000 103:02 5776002                   /usr/lib/eclipse/plugins/org.eclipse.justj.openjdk.hotspot.jre.full.linux.x86_64_15.0.1.v20201027-0507/jre/lib/libzip.so
7f9ab0481000-7f9ab0482000 r--p 00007000 103:02 5776002                   /usr/lib/eclipse/plugins/org.eclipse.justj.openjdk.hotspot.jre.full.linux.x86_64_15.0.1.v20201027-0507/jre/lib/libzip.so
7f9ab0482000-7f9ab0483000 rw-p 00008000 103:02 5776002                   /usr/lib/eclipse/plugins/org.eclipse.justj.openjdk.hotspot.jre.full.linux.x86_64_15.0.1.v20201027-0507/jre/lib/libzip.so
7f9ab0483000-7f9ab0488000 rw-p 00000000 00:00 0 
7f9ab0488000-7f9ab048f000 ---p 00000000 00:00 0 
7f9ab048f000-7f9ab0497000 rw-s 00000000 00:20 3173                       /tmp/hsperfdata_nikola/98408
7f9ab0497000-7f9ab049a000 r--p 00000000 103:02 4066728                   /usr/lib/librt-2.33.so
7f9ab049a000-7f9ab049e000 r-xp 00003000 103:02 4066728                   /usr/lib/librt-2.33.so
7f9ab049e000-7f9ab04a0000 r--p 00007000 103:02 4066728                   /usr/lib/librt-2.33.so
7f9ab04a0000-7f9ab04a1000 r--p 00008000 103:02 4066728                   /usr/lib/librt-2.33.so
7f9ab04a1000-7f9ab04a2000 rw-p 00009000 103:02 4066728                   /usr/lib/librt-2.33.so
7f9ab04a2000-7f9ab04a6000 ---p 00000000 00:00 0 
7f9ab04a6000-7f9ab05a3000 rw-p 00000000 00:00 0 
7f9ab05a3000-7f9ab05b2000 r--p 00000000 103:02 4066692                   /usr/lib/libm-2.33.so
7f9ab05b2000-7f9ab064c000 r-xp 0000f000 103:02 4066692                   /usr/lib/libm-2.33.so
7f9ab064c000-7f9ab06e4000 r--p 000a9000 103:02 4066692                   /usr/lib/libm-2.33.so
7f9ab06e4000-7f9ab06e5000 ---p 00141000 103:02 4066692                   /usr/lib/libm-2.33.so
7f9ab06e5000-7f9ab06e6000 r--p 00141000 103:02 4066692                   /usr/lib/libm-2.33.so
7f9ab06e6000-7f9ab06e7000 rw-p 00142000 103:02 4066692                   /usr/lib/libm-2.33.so
7f9ab06e7000-7f9ab172e000 r-xp 00000000 103:02 5776013                   /usr/lib/eclipse/plugins/org.eclipse.justj.openjdk.hotspot.jre.full.linux.x86_64_15.0.1.v20201027-0507/jre/lib/server/libjvm.so
7f9ab172e000-7f9ab17c8000 r--p 01046000 103:02 5776013                   /usr/lib/eclipse/plugins/org.eclipse.justj.openjdk.hotspot.jre.full.linux.x86_64_15.0.1.v20201027-0507/jre/lib/server/libjvm.so
7f9ab17c8000-7f9ab17ff000 rw-p 010e0000 103:02 5776013                   /usr/lib/eclipse/plugins/org.eclipse.justj.openjdk.hotspot.jre.full.linux.x86_64_15.0.1.v20201027-0507/jre/lib/server/libjvm.so
7f9ab17ff000-7f9ab188a000 rw-p 00000000 00:00 0 
7f9ab188a000-7f9ab18b0000 r--p 00000000 103:02 4066679                   /usr/lib/libc-2.33.so
7f9ab18b0000-7f9ab19fb000 r-xp 00026000 103:02 4066679                   /usr/lib/libc-2.33.so
7f9ab19fb000-7f9ab1a47000 r--p 00171000 103:02 4066679                   /usr/lib/libc-2.33.so
7f9ab1a47000-7f9ab1a4a000 r--p 001bc000 103:02 4066679                   /usr/lib/libc-2.33.so
7f9ab1a4a000-7f9ab1a4d000 rw-p 001bf000 103:02 4066679                   /usr/lib/libc-2.33.so
7f9ab1a4d000-7f9ab1a56000 rw-p 00000000 00:00 0 
7f9ab1a56000-7f9ab1a58000 r--p 00000000 103:02 4066686                   /usr/lib/libdl-2.33.so
7f9ab1a58000-7f9ab1a5a000 r-xp 00002000 103:02 4066686                   /usr/lib/libdl-2.33.so
7f9ab1a5a000-7f9ab1a5b000 r--p 00004000 103:02 4066686                   /usr/lib/libdl-2.33.so
7f9ab1a5b000-7f9ab1a5c000 r--p 00004000 103:02 4066686                   /usr/lib/libdl-2.33.so
7f9ab1a5c000-7f9ab1a5d000 rw-p 00005000 103:02 4066686                   /usr/lib/libdl-2.33.so
7f9ab1a5d000-7f9ab1a64000 r--p 00000000 103:02 4066720                   /usr/lib/libpthread-2.33.so
7f9ab1a64000-7f9ab1a73000 r-xp 00007000 103:02 4066720                   /usr/lib/libpthread-2.33.so
7f9ab1a73000-7f9ab1a77000 r--p 00016000 103:02 4066720                   /usr/lib/libpthread-2.33.so
7f9ab1a77000-7f9ab1a78000 ---p 0001a000 103:02 4066720                   /usr/lib/libpthread-2.33.so
7f9ab1a78000-7f9ab1a79000 r--p 0001a000 103:02 4066720                   /usr/lib/libpthread-2.33.so
7f9ab1a79000-7f9ab1a7a000 rw-p 0001b000 103:02 4066720                   /usr/lib/libpthread-2.33.so
7f9ab1a7a000-7f9ab1a7e000 rw-p 00000000 00:00 0 
7f9ab1a7e000-7f9ab1a8d000 r-xp 00000000 103:02 5775985                   /usr/lib/eclipse/plugins/org.eclipse.justj.openjdk.hotspot.jre.full.linux.x86_64_15.0.1.v20201027-0507/jre/lib/libjli.so
7f9ab1a8d000-7f9ab1a8e000 r--p 0000e000 103:02 5775985                   /usr/lib/eclipse/plugins/org.eclipse.justj.openjdk.hotspot.jre.full.linux.x86_64_15.0.1.v20201027-0507/jre/lib/libjli.so
7f9ab1a8e000-7f9ab1a8f000 rw-p 0000f000 103:02 5775985                   /usr/lib/eclipse/plugins/org.eclipse.justj.openjdk.hotspot.jre.full.linux.x86_64_15.0.1.v20201027-0507/jre/lib/libjli.so
7f9ab1a8f000-7f9ab1a92000 r--p 00000000 103:02 4076504                   /usr/lib/libz.so.1.2.11
7f9ab1a92000-7f9ab1aa0000 r-xp 00003000 103:02 4076504                   /usr/lib/libz.so.1.2.11
7f9ab1aa0000-7f9ab1aa6000 r--p 00011000 103:02 4076504                   /usr/lib/libz.so.1.2.11
7f9ab1aa6000-7f9ab1aa7000 ---p 00017000 103:02 4076504                   /usr/lib/libz.so.1.2.11
7f9ab1aa7000-7f9ab1aa8000 r--p 00017000 103:02 4076504                   /usr/lib/libz.so.1.2.11
7f9ab1aa8000-7f9ab1aa9000 rw-p 00018000 103:02 4076504                   /usr/lib/libz.so.1.2.11
7f9ab1aac000-7f9ab1aad000 ---p 00000000 00:00 0 
7f9ab1aad000-7f9ab1aae000 r--p 00000000 00:00 0 
7f9ab1aae000-7f9ab1aaf000 ---p 00000000 00:00 0 
7f9ab1aaf000-7f9ab1acb000 r-xp 00000000 103:02 5775984                   /usr/lib/eclipse/plugins/org.eclipse.justj.openjdk.hotspot.jre.full.linux.x86_64_15.0.1.v20201027-0507/jre/lib/libjimage.so
7f9ab1acb000-7f9ab1acd000 r--p 0001b000 103:02 5775984                   /usr/lib/eclipse/plugins/org.eclipse.justj.openjdk.hotspot.jre.full.linux.x86_64_15.0.1.v20201027-0507/jre/lib/libjimage.so
7f9ab1acd000-7f9ab1ace000 rw-p 0001d000 103:02 5775984                   /usr/lib/eclipse/plugins/org.eclipse.justj.openjdk.hotspot.jre.full.linux.x86_64_15.0.1.v20201027-0507/jre/lib/libjimage.so
7f9ab1ace000-7f9ab1ad0000 rw-p 00000000 00:00 0 
7f9ab1ad0000-7f9ab1ad1000 r--p 00000000 103:02 4066668                   /usr/lib/ld-2.33.so
7f9ab1ad1000-7f9ab1af5000 r-xp 00001000 103:02 4066668                   /usr/lib/ld-2.33.so
7f9ab1af5000-7f9ab1afe000 r--p 00025000 103:02 4066668                   /usr/lib/ld-2.33.so
7f9ab1afe000-7f9ab1b00000 r--p 0002d000 103:02 4066668                   /usr/lib/ld-2.33.so
7f9ab1b00000-7f9ab1b02000 rw-p 0002f000 103:02 4066668                   /usr/lib/ld-2.33.so
7ffc47cc9000-7ffc47cec000 rw-p 00000000 00:00 0                          [stack]
7ffc47dce000-7ffc47dd2000 r--p 00000000 00:00 0                          [vvar]
7ffc47dd2000-7ffc47dd4000 r-xp 00000000 00:00 0                          [vdso]
ffffffffff600000-ffffffffff601000 --xp 00000000 00:00 0                  [vsyscall]


VM Arguments:
jvm_args: -Dfile.encoding=UTF-8 -XX:+ShowCodeDetailsInExceptionMessages 
java_command: nistagram.postservice.PostServiceApplication
java_class_path (initial): /home/nikola/XWS-2021-TIM4/backend/post-service/target/classes:/home/nikola/.m2/repository/org/springframework/boot/spring-boot-starter-web/2.5.0/spring-boot-starter-web-2.5.0.jar:/home/nikola/.m2/repository/org/springframework/boot/spring-boot-starter/2.5.0/spring-boot-starter-2.5.0.jar:/home/nikola/.m2/repository/org/springframework/boot/spring-boot-starter-logging/2.5.0/spring-boot-starter-logging-2.5.0.jar:/home/nikola/.m2/repository/ch/qos/logback/logback-classic/1.2.3/logback-classic-1.2.3.jar:/home/nikola/.m2/repository/ch/qos/logback/logback-core/1.2.3/logback-core-1.2.3.jar:/home/nikola/.m2/repository/org/apache/logging/log4j/log4j-to-slf4j/2.14.1/log4j-to-slf4j-2.14.1.jar:/home/nikola/.m2/repository/org/apache/logging/log4j/log4j-api/2.14.1/log4j-api-2.14.1.jar:/home/nikola/.m2/repository/org/slf4j/jul-to-slf4j/1.7.30/jul-to-slf4j-1.7.30.jar:/home/nikola/.m2/repository/jakarta/annotation/jakarta.annotation-api/1.3.5/jakarta.annotation-api-1.3.5.jar:/home/nikola/.m2/repository/org/yaml/snakeyaml/1.28/snakeyaml-1.28.jar:/home/nikola/.m2/repository/org/springframework/boot/spring-boot-starter-json/2.5.0/spring-boot-starter-json-2.5.0.jar:/home/nikola/.m2/repository/com/fasterxml/jackson/core/jackson-databind/2.12.3/jackson-databind-2.12.3.jar:/home/nikola/.m2/repository/com/fasterxml/jackson/core/jackson-annotations/2.12.3/jackson-annotations-2.12.3.jar:/home/nikola/.m2/repository/com/fasterxml/jackson/core/jackson-core/2.12.3/jackson-core-2.12.3.jar:/home/nikola/.m2/repository/com/fasterxml/jackson/datatype/jackson-datatype-jdk8/2.12.3/jackson-datatype-jdk8-2.12.3.jar:/home/nikola/.m2/repository/com/fasterxml/jackson/datatype/jackson-datatype-jsr310/2.12.3/jackson-datatype-jsr310-2.12.3.jar:/home/nikola/.m2/repository/com/fasterxml/jackson/module/jackson-module-parameter-names/2.12.3/jackson-module-parameter-names-2.12.3.jar:/home/nikola/.m2/repository/org/springframework/boot/spring-boot-starter-tomcat/2.5.0/spring-boot-starter-
Launcher Type: SUN_STANDARD

[Global flags]
     intx CICompilerCount                          = 4                                         {product} {ergonomic}
     uint ConcGCThreads                            = 3                                         {product} {ergonomic}
     uint G1ConcRefinementThreads                  = 10                                        {product} {ergonomic}
   size_t G1HeapRegionSize                         = 2097152                                   {product} {ergonomic}
    uintx GCDrainStackTargetSize                   = 64                                        {product} {ergonomic}
   size_t InitialHeapSize                          = 264241152                                 {product} {ergonomic}
   size_t MarkStackSize                            = 4194304                                   {product} {ergonomic}
   size_t MaxHeapSize                              = 4200595456                                {product} {ergonomic}
   size_t MaxNewSize                               = 2518679552                                {product} {ergonomic}
   size_t MinHeapDeltaBytes                        = 2097152                                   {product} {ergonomic}
   size_t MinHeapSize                              = 8388608                                   {product} {ergonomic}
    uintx NonNMethodCodeHeapSize                   = 5839372                                {pd product} {ergonomic}
    uintx NonProfiledCodeHeapSize                  = 122909434                              {pd product} {ergonomic}
    uintx ProfiledCodeHeapSize                     = 122909434                              {pd product} {ergonomic}
    uintx ReservedCodeCacheSize                    = 251658240                              {pd product} {ergonomic}
     bool SegmentedCodeCache                       = true                                      {product} {ergonomic}
     bool ShowCodeDetailsInExceptionMessages       = true                                   {manageable} {command line}
   size_t SoftMaxHeapSize                          = 4200595456                             {manageable} {ergonomic}
     bool UseCompressedClassPointers               = true                                 {lp64_product} {ergonomic}
     bool UseCompressedOops                        = true                                 {lp64_product} {ergonomic}
     bool UseG1GC                                  = true                                      {product} {ergonomic}

Logging:
Log output configuration:
 #0: stdout all=warning uptime,level,tags
 #1: stderr all=off uptime,level,tags

Environment Variables:
PATH=/home/nikola/.local/bin:/usr/local/bin:/usr/bin:/usr/local/sbin:/usr/lib/jvm/default/bin:/usr/bin/site_perl:/usr/bin/vendor_perl:/usr/bin/core_perl:/usr/lib/jvm/default/bin
USERNAME=nikola
SHELL=/bin/bash
DISPLAY=:0
LANG=en_US.UTF-8

Signal Handlers:
SIGSEGV: [libjvm.so+0xd63670], sa_mask[0]=11111111011111111101111111111110, sa_flags=SA_RESTART|SA_SIGINFO
SIGBUS: [libjvm.so+0xd63670], sa_mask[0]=11111111011111111101111111111110, sa_flags=SA_RESTART|SA_SIGINFO
SIGFPE: [libjvm.so+0xd63670], sa_mask[0]=11111111011111111101111111111110, sa_flags=SA_RESTART|SA_SIGINFO
SIGPIPE: [libjvm.so+0xb410d0], sa_mask[0]=11111111011111111101111111111110, sa_flags=SA_RESTART|SA_SIGINFO
SIGXFSZ: [libjvm.so+0xb410d0], sa_mask[0]=11111111011111111101111111111110, sa_flags=SA_RESTART|SA_SIGINFO
SIGILL: [libjvm.so+0xd63670], sa_mask[0]=11111111011111111101111111111110, sa_flags=SA_RESTART|SA_SIGINFO
SIGUSR2: [libjvm.so+0xb40f70], sa_mask[0]=00100000000000000000000000000000, sa_flags=SA_RESTART|SA_SIGINFO
SIGHUP: [libjvm.so+0xb417e0], sa_mask[0]=11111111011111111101111111111110, sa_flags=SA_RESTART|SA_SIGINFO
SIGINT: [libjvm.so+0xb417e0], sa_mask[0]=11111111011111111101111111111110, sa_flags=SA_RESTART|SA_SIGINFO
SIGTERM: [libjvm.so+0xb417e0], sa_mask[0]=11111111011111111101111111111110, sa_flags=SA_RESTART|SA_SIGINFO
SIGQUIT: [libjvm.so+0xb417e0], sa_mask[0]=11111111011111111101111111111110, sa_flags=SA_RESTART|SA_SIGINFO


---------------  S Y S T E M  ---------------

OS:
LSB_VERSION=1.4
DISTRIB_ID=Arch
DISTRIB_RELEASE=rolling
DISTRIB_DESCRIPTION="Arch Linux"
uname: Linux 5.12.10-arch1-1 #1 SMP PREEMPT Thu, 10 Jun 2021 16:34:50 +0000 x86_64
OS uptime: 1 days 9:45 hours
libc: glibc 2.33 NPTL 2.33 
rlimit (soft/hard): STACK 8192k/infinity , CORE infinity/infinity , NPROC 63763/63763 , NOFILE 524288/524288 , AS infinity/infinity , CPU infinity/infinity , DATA infinity/infinity , FSIZE infinity/infinity , MEMLOCK 1024k/1024k
load average: 2.66 1.37 0.79

/proc/meminfo:
MemTotal:       16404548 kB
MemFree:         2264272 kB
MemAvailable:    9151348 kB
Buffers:          689780 kB
Cached:          6799004 kB
SwapCached:            0 kB
Active:          3161464 kB
Inactive:       10186248 kB
Active(anon):      47680 kB
Inactive(anon):  6419624 kB
Active(file):    3113784 kB
Inactive(file):  3766624 kB
Unevictable:          96 kB
Mlocked:              96 kB
SwapTotal:             0 kB
SwapFree:              0 kB
Dirty:              1336 kB
Writeback:             0 kB
AnonPages:       5859292 kB
Mapped:          1368892 kB
Shmem:            663952 kB
KReclaimable:     342640 kB
Slab:             492112 kB
SReclaimable:     342640 kB
SUnreclaim:       149472 kB
KernelStack:       20112 kB
PageTables:        65136 kB
NFS_Unstable:          0 kB
Bounce:                0 kB
WritebackTmp:          0 kB
CommitLimit:     8202272 kB
Committed_AS:   19111884 kB
VmallocTotal:   34359738367 kB
VmallocUsed:       75344 kB
VmallocChunk:          0 kB
Percpu:            17600 kB
HardwareCorrupted:     0 kB
AnonHugePages:         0 kB
ShmemHugePages:        0 kB
ShmemPmdMapped:        0 kB
FileHugePages:         0 kB
FilePmdMapped:         0 kB
CmaTotal:              0 kB
CmaFree:               0 kB
HugePages_Total:       0
HugePages_Free:        0
HugePages_Rsvd:        0
HugePages_Surp:        0
Hugepagesize:       2048 kB
Hugetlb:               0 kB
DirectMap4k:      724308 kB
DirectMap2M:    16003072 kB
DirectMap1G:     1048576 kB

/sys/kernel/mm/transparent_hugepage/enabled: always [madvise] never
/sys/kernel/mm/transparent_hugepage/defrag (defrag/compaction efforts parameter): always defer defer+madvise [madvise] never

/proc/sys/kernel/threads-max (system-wide limit on the number of threads): 127527
/proc/sys/vm/max_map_count (maximum number of memory map areas a process may have): 65530
/proc/sys/kernel/pid_max (system-wide limit on number of process identifiers): 4194304

container (cgroup) information:
container_type: cgroupv2
cpu_cpuset_cpus: not supported
cpu_memory_nodes: not supported
active_processor_count: 12
cpu_quota: not supported
cpu_period: not supported
cpu_shares: not supported
memory_limit_in_bytes: unlimited
memory_and_swap_limit_in_bytes: unlimited
memory_soft_limit_in_bytes: unlimited
memory_usage_in_bytes: 2519269376
memory_max_usage_in_bytes: not supported

Steal ticks since vm start: 0
Steal ticks percentage since vm start:  0.000

CPU: total 12 (initial active 12) (12 cores per cpu, 2 threads per core) family 23 model 1 stepping 1 microcode 0x8001137, cmov, cx8, fxsr, mmx, sse, sse2, sse3, ssse3, sse4.1, sse4.2, popcnt, vzeroupper, avx, avx2, aes, clmul, 3dnowpref, lzcnt, sse4a, ht, tsc, tscinvbit, tscinv, bmi1, bmi2, adx, sha, fma, clflush, clflushopt
CPU Model and flags from /proc/cpuinfo:
model name	: AMD Ryzen 5 1600 Six-Core Processor
flags		: fpu vme de pse tsc msr pae mce cx8 apic sep mtrr pge mca cmov pat pse36 clflush mmx fxsr sse sse2 ht syscall nx mmxext fxsr_opt pdpe1gb rdtscp lm constant_tsc rep_good nopl nonstop_tsc cpuid extd_apicid aperfmperf pni pclmulqdq monitor ssse3 fma cx16 sse4_1 sse4_2 movbe popcnt aes xsave avx f16c rdrand lahf_lm cmp_legacy svm extapic cr8_legacy abm sse4a misalignsse 3dnowprefetch osvw skinit wdt tce topoext perfctr_core perfctr_nb bpext perfctr_llc mwaitx cpb hw_pstate ssbd ibpb vmmcall fsgsbase bmi1 avx2 smep bmi2 rdseed adx smap clflushopt sha_ni xsaveopt xsavec xgetbv1 xsaves clzero irperf xsaveerptr arat npt lbrv svm_lock nrip_save tsc_scale vmcb_clean flushbyasid decodeassists pausefilter pfthreshold avic v_vmsave_vmload vgif overflow_recov succor smca sme sev

Online cpus: 0-11
Offline cpus: 12-15
BIOS frequency limitation: <Not Available>
Frequency switch latency (ns): <Not Available>
Available cpu frequencies: <Not Available>
Current governor: <Not Available>
Core performance/turbo boost: <Not Available>

Memory: 4k page, physical 16404548k(2263768k free), swap 0k(0k free)

vm_info: OpenJDK 64-Bit Server VM (15.0.1+9-18) for linux-amd64 JRE (15.0.1+9-18), built on Sep 15 2020 13:31:44 by "mach5one" with gcc 9.2.0

END.
